# Generated by generate_exports.py: Do not edit.
_ireeAttributeIsACodegenCompilationInfoAttr
_ireeAttributeIsACodegenDispatchLoweringPassPipelineAttr
_ireeAttributeIsACodegenRootOpAttr
_ireeAttributeIsACodegenTranslationInfoAttr
_ireeAttributeIsAGPULoweringConfigAttr
_ireeAttributeIsAGPUMMAAttr
_ireeAttributeIsAGPUMMAIntrinsicAttr
_ireeAttributeIsAGPUPipelineOptionsAttr
_ireeAttributeIsAGPUReorderWorkgroupsStrategyAttr
_ireeAttributeIsAGPUVirtualMMAAttr
_ireeAttributeIsAGPUVirtualMMAIntrinsicAttr
_ireeCodegenCompilationInfoAttrGet
_ireeCodegenCompilationInfoAttrGetParameters
_ireeCodegenCompilationInfoAttrGetTypeID
_ireeCodegenDispatchLoweringPassPipelineAttrGet
_ireeCodegenDispatchLoweringPassPipelineAttrGetTypeID
_ireeCodegenDispatchLoweringPassPipelineAttrGetValue
_ireeCodegenGetAttentionOpDetail
_ireeCodegenGetExecutableVariantOps
_ireeCodegenGetIGEMMGenericConvDetails
_ireeCodegenGetTunerRootOps
_ireeCodegenHasIGEMMGenericConvDetails
_ireeCodegenInferScaledContractionDimensions
_ireeCodegenMlirOperationIsACodegenAttentionOp
_ireeCodegenMlirOperationIsAScaledContractionOp
_ireeCodegenRootOpAttrGet
_ireeCodegenRootOpAttrGetSet
_ireeCodegenRootOpAttrGetTypeID
_ireeCodegenTranslationInfoAttrGet
_ireeCodegenTranslationInfoAttrGetParameters
_ireeCodegenTranslationInfoAttrGetTypeID
_ireeCompilerEnumeratePlugins
_ireeCompilerEnumerateRegisteredHALTargetBackends
_ireeCompilerErrorDestroy
_ireeCompilerErrorGetMessage
_ireeCompilerGetAPIVersion
_ireeCompilerGetProcessCLArgs
_ireeCompilerGetRevision
_ireeCompilerGlobalInitialize
_ireeCompilerGlobalShutdown
_ireeCompilerInitializeContext
_ireeCompilerInvocationCreate
_ireeCompilerInvocationDestroy
_ireeCompilerInvocationEnableCallbackDiagnostics
_ireeCompilerInvocationEnableConsoleDiagnostics
_ireeCompilerInvocationExportStealModule
_ireeCompilerInvocationImportBorrowModule
_ireeCompilerInvocationImportStealModule
_ireeCompilerInvocationOutputHALExecutable
_ireeCompilerInvocationOutputIR
_ireeCompilerInvocationOutputIRBytecode
_ireeCompilerInvocationOutputVMBytecode
_ireeCompilerInvocationOutputVMCSource
_ireeCompilerInvocationParseSource
_ireeCompilerInvocationPipeline
_ireeCompilerInvocationRunPassPipeline
_ireeCompilerInvocationSetCompileFromPhase
_ireeCompilerInvocationSetCompileToPhase
_ireeCompilerInvocationSetCrashHandler
_ireeCompilerInvocationSetDumpCompilationPhasesTo
_ireeCompilerInvocationSetVerifyIR
_ireeCompilerInvocationSetupRemarks
_ireeCompilerOutputDestroy
_ireeCompilerOutputKeep
_ireeCompilerOutputMapMemory
_ireeCompilerOutputOpenFD
_ireeCompilerOutputOpenFile
_ireeCompilerOutputOpenMembuffer
_ireeCompilerOutputWrite
_ireeCompilerRegisterDialects
_ireeCompilerRunLldMain
_ireeCompilerRunMain
_ireeCompilerSessionBorrowContext
_ireeCompilerSessionCreate
_ireeCompilerSessionDestroy
_ireeCompilerSessionGetFlags
_ireeCompilerSessionSetFlags
_ireeCompilerSessionStealContext
_ireeCompilerSetupGlobalCL
_ireeCompilerSourceDestroy
_ireeCompilerSourceOpenFile
_ireeCompilerSourceSplit
_ireeCompilerSourceWrapBuffer
_ireeGPUGetSingleSubgroupLayout
_ireeGPUGetXorShuffleBounds
_ireeGPUIsXORShuffleValid
_ireeGPULoweringConfigAttrGet
_ireeGPULoweringConfigAttrGetAttributes
_ireeGPULoweringConfigAttrGetMmaKind
_ireeGPULoweringConfigAttrGetSubgroupBasis
_ireeGPULoweringConfigAttrGetTileSizes
_ireeGPULoweringConfigAttrGetTypeID
_ireeGPUMMAAttrGet
_ireeGPUMMAAttrGetInfo
_ireeGPUMMAAttrGetTypeID
_ireeGPUMMAAttrGetVirtualMMAIntrinsic
_ireeGPUMMAIntrinsicAttrGet
_ireeGPUMMAIntrinsicAttrGetTypeID
_ireeGPUMMAIntrinsicAttrGetValue
_ireeGPUPipelineOptionsAttrGet
_ireeGPUPipelineOptionsAttrGetNoReduceSharedMemoryBankConflicts
_ireeGPUPipelineOptionsAttrGetPrefetchNumStages
_ireeGPUPipelineOptionsAttrGetReorderWorkgroupsStrategy
_ireeGPUPipelineOptionsAttrGetTypeID
_ireeGPUPipelineOptionsAttrGetUseIgemmConvolution
_ireeGPUReorderWorkgroupsStrategyAttrGet
_ireeGPUReorderWorkgroupsStrategyAttrGetTypeID
_ireeGPUReorderWorkgroupsStrategyAttrGetValue
_ireeGPUTargetInfoGet
_ireeGPUTargetInfoGetMMAIntrinsics
_ireeGPUVirtualMMAAttrGet
_ireeGPUVirtualMMAAttrGetTypeID
_ireeGPUVirtualMMAIntrinsicAttrGet
_ireeGPUVirtualMMAIntrinsicAttrGetTypeID
_ireeGPUVirtualMMAIntrinsicAttrGetValue
_ireeHALExecutableTargetAttrGetGPUTargetInfo
_ireeLinkRunMain
_ireeMlirLspServerRunMain
_ireeOptRunMain
_ireeReduceRunMain
_ireeRegisterTransformExtensions
_mlirAffineAddExprGet
_mlirAffineBinaryOpExprGetLHS
_mlirAffineBinaryOpExprGetRHS
_mlirAffineCeilDivExprGet
_mlirAffineConstantExprGet
_mlirAffineConstantExprGetValue
_mlirAffineDimExprGet
_mlirAffineDimExprGetPosition
_mlirAffineExprCompose
_mlirAffineExprDump
_mlirAffineExprEqual
_mlirAffineExprGetContext
_mlirAffineExprGetLargestKnownDivisor
_mlirAffineExprIsAAdd
_mlirAffineExprIsABinary
_mlirAffineExprIsACeilDiv
_mlirAffineExprIsAConstant
_mlirAffineExprIsADim
_mlirAffineExprIsAFloorDiv
_mlirAffineExprIsAMod
_mlirAffineExprIsAMul
_mlirAffineExprIsASymbol
_mlirAffineExprIsFunctionOfDim
_mlirAffineExprIsMultipleOf
_mlirAffineExprIsPureAffine
_mlirAffineExprIsSymbolicOrConstant
_mlirAffineExprPrint
_mlirAffineExprShiftDims
_mlirAffineExprShiftSymbols
_mlirAffineFloorDivExprGet
_mlirAffineMapAttrGet
_mlirAffineMapAttrGetName
_mlirAffineMapAttrGetTypeID
_mlirAffineMapAttrGetValue
_mlirAffineMapCompressUnusedSymbols
_mlirAffineMapConstantGet
_mlirAffineMapDump
_mlirAffineMapEmptyGet
_mlirAffineMapEqual
_mlirAffineMapGet
_mlirAffineMapGetContext
_mlirAffineMapGetMajorSubMap
_mlirAffineMapGetMinorSubMap
_mlirAffineMapGetNumDims
_mlirAffineMapGetNumInputs
_mlirAffineMapGetNumResults
_mlirAffineMapGetNumSymbols
_mlirAffineMapGetResult
_mlirAffineMapGetSingleConstantResult
_mlirAffineMapGetSubMap
_mlirAffineMapIsEmpty
_mlirAffineMapIsIdentity
_mlirAffineMapIsMinorIdentity
_mlirAffineMapIsPermutation
_mlirAffineMapIsProjectedPermutation
_mlirAffineMapIsSingleConstant
_mlirAffineMapMinorIdentityGet
_mlirAffineMapMultiDimIdentityGet
_mlirAffineMapPermutationGet
_mlirAffineMapPrint
_mlirAffineMapReplace
_mlirAffineMapZeroResultGet
_mlirAffineModExprGet
_mlirAffineMulExprGet
_mlirAffineSymbolExprGet
_mlirAffineSymbolExprGetPosition
_mlirApplyFullConversion
_mlirApplyPartialConversion
_mlirApplyPatternsAndFoldGreedily
_mlirApplyPatternsAndFoldGreedilyWithOp
_mlirArrayAttrGet
_mlirArrayAttrGetElement
_mlirArrayAttrGetName
_mlirArrayAttrGetNumElements
_mlirArrayAttrGetTypeID
_mlirAsmStateCreateForOperation
_mlirAsmStateCreateForValue
_mlirAsmStateDestroy
_mlirAttributeDump
_mlirAttributeEqual
_mlirAttributeGetContext
_mlirAttributeGetDialect
_mlirAttributeGetNull
_mlirAttributeGetType
_mlirAttributeGetTypeID
_mlirAttributeIsAAffineMap
_mlirAttributeIsAArray
_mlirAttributeIsABool
_mlirAttributeIsADenseBoolArray
_mlirAttributeIsADenseElements
_mlirAttributeIsADenseF32Array
_mlirAttributeIsADenseF64Array
_mlirAttributeIsADenseFPElements
_mlirAttributeIsADenseI16Array
_mlirAttributeIsADenseI32Array
_mlirAttributeIsADenseI64Array
_mlirAttributeIsADenseI8Array
_mlirAttributeIsADenseIntElements
_mlirAttributeIsADenseResourceElements
_mlirAttributeIsADictionary
_mlirAttributeIsAElements
_mlirAttributeIsAFlatSymbolRef
_mlirAttributeIsAFloat
_mlirAttributeIsAGPUObjectAttr
_mlirAttributeIsAInteger
_mlirAttributeIsAIntegerSet
_mlirAttributeIsALocation
_mlirAttributeIsAOpaque
_mlirAttributeIsASparseElements
_mlirAttributeIsAStridedLayout
_mlirAttributeIsAString
_mlirAttributeIsASymbolRef
_mlirAttributeIsAType
_mlirAttributeIsAUnit
_mlirAttributeParseGet
_mlirAttributePrint
_mlirBF16TypeGet
_mlirBF16TypeGetName
_mlirBFloat16TypeGetTypeID
_mlirBlockAddArgument
_mlirBlockAppendOwnedOperation
_mlirBlockArgumentGetArgNumber
_mlirBlockArgumentGetOwner
_mlirBlockArgumentSetLocation
_mlirBlockArgumentSetType
_mlirBlockCreate
_mlirBlockDestroy
_mlirBlockDetach
_mlirBlockEqual
_mlirBlockEraseArgument
_mlirBlockGetArgument
_mlirBlockGetFirstOperation
_mlirBlockGetNextInRegion
_mlirBlockGetNumArguments
_mlirBlockGetNumPredecessors
_mlirBlockGetNumSuccessors
_mlirBlockGetParentOperation
_mlirBlockGetParentRegion
_mlirBlockGetPredecessor
_mlirBlockGetSuccessor
_mlirBlockGetTerminator
_mlirBlockInsertArgument
_mlirBlockInsertOwnedOperation
_mlirBlockInsertOwnedOperationAfter
_mlirBlockInsertOwnedOperationBefore
_mlirBlockPrint
_mlirBoolAttrGet
_mlirBoolAttrGetValue
_mlirBytecodeWriterConfigCreate
_mlirBytecodeWriterConfigDesiredEmitVersion
_mlirBytecodeWriterConfigDestroy
_mlirComplexTypeGet
_mlirComplexTypeGetElementType
_mlirComplexTypeGetName
_mlirComplexTypeGetTypeID
_mlirContextAppendDialectRegistry
_mlirContextAttachDiagnosticHandler
_mlirContextCreate
_mlirContextCreateWithRegistry
_mlirContextCreateWithThreading
_mlirContextDestroy
_mlirContextDetachDiagnosticHandler
_mlirContextEnableMultithreading
_mlirContextEqual
_mlirContextGetAllowUnregisteredDialects
_mlirContextGetNumLoadedDialects
_mlirContextGetNumRegisteredDialects
_mlirContextGetNumThreads
_mlirContextGetOrLoadDialect
_mlirContextGetThreadPool
_mlirContextIsRegisteredOperation
_mlirContextLoadAllAvailableDialects
_mlirContextSetAllowUnregisteredDialects
_mlirContextSetThreadPool
_mlirConversionConfigCreate
_mlirConversionConfigDestroy
_mlirConversionConfigEnableBuildMaterializations
_mlirConversionConfigGetFoldingMode
_mlirConversionConfigIsBuildMaterializationsEnabled
_mlirConversionConfigSetFoldingMode
_mlirConversionPatternAsRewritePattern
_mlirConversionPatternGetTypeConverter
_mlirConversionPatternRewriterAsPatternRewriter
_mlirConversionTargetAddIllegalDialect
_mlirConversionTargetAddIllegalOp
_mlirConversionTargetAddLegalDialect
_mlirConversionTargetAddLegalOp
_mlirConversionTargetCreate
_mlirConversionTargetDestroy
_mlirCreateExternalPass
_mlirDenseArrayAttrGetTypeID
_mlirDenseArrayGetNumElements
_mlirDenseBoolArrayGet
_mlirDenseBoolArrayGetElement
_mlirDenseBoolResourceElementsAttrGetValue
_mlirDenseDoubleResourceElementsAttrGetValue
_mlirDenseElementsAttrBFloat16Get
_mlirDenseElementsAttrBoolGet
_mlirDenseElementsAttrBoolSplatGet
_mlirDenseElementsAttrDoubleGet
_mlirDenseElementsAttrDoubleSplatGet
_mlirDenseElementsAttrFloat16Get
_mlirDenseElementsAttrFloatGet
_mlirDenseElementsAttrFloatSplatGet
_mlirDenseElementsAttrGet
_mlirDenseElementsAttrGetBoolSplatValue
_mlirDenseElementsAttrGetBoolValue
_mlirDenseElementsAttrGetDoubleSplatValue
_mlirDenseElementsAttrGetDoubleValue
_mlirDenseElementsAttrGetFloatSplatValue
_mlirDenseElementsAttrGetFloatValue
_mlirDenseElementsAttrGetIndexValue
_mlirDenseElementsAttrGetInt16Value
_mlirDenseElementsAttrGetInt32SplatValue
_mlirDenseElementsAttrGetInt32Value
_mlirDenseElementsAttrGetInt64SplatValue
_mlirDenseElementsAttrGetInt64Value
_mlirDenseElementsAttrGetInt8SplatValue
_mlirDenseElementsAttrGetInt8Value
_mlirDenseElementsAttrGetRawData
_mlirDenseElementsAttrGetSplatValue
_mlirDenseElementsAttrGetStringSplatValue
_mlirDenseElementsAttrGetStringValue
_mlirDenseElementsAttrGetUInt16Value
_mlirDenseElementsAttrGetUInt32SplatValue
_mlirDenseElementsAttrGetUInt32Value
_mlirDenseElementsAttrGetUInt64SplatValue
_mlirDenseElementsAttrGetUInt64Value
_mlirDenseElementsAttrGetUInt8SplatValue
_mlirDenseElementsAttrGetUInt8Value
_mlirDenseElementsAttrInt16Get
_mlirDenseElementsAttrInt32Get
_mlirDenseElementsAttrInt32SplatGet
_mlirDenseElementsAttrInt64Get
_mlirDenseElementsAttrInt64SplatGet
_mlirDenseElementsAttrInt8Get
_mlirDenseElementsAttrInt8SplatGet
_mlirDenseElementsAttrIsSplat
_mlirDenseElementsAttrRawBufferGet
_mlirDenseElementsAttrReshapeGet
_mlirDenseElementsAttrSplatGet
_mlirDenseElementsAttrStringGet
_mlirDenseElementsAttrUInt16Get
_mlirDenseElementsAttrUInt32Get
_mlirDenseElementsAttrUInt32SplatGet
_mlirDenseElementsAttrUInt64Get
_mlirDenseElementsAttrUInt64SplatGet
_mlirDenseElementsAttrUInt8Get
_mlirDenseElementsAttrUInt8SplatGet
_mlirDenseF32ArrayGet
_mlirDenseF32ArrayGetElement
_mlirDenseF64ArrayGet
_mlirDenseF64ArrayGetElement
_mlirDenseFloatResourceElementsAttrGetValue
_mlirDenseI16ArrayGet
_mlirDenseI16ArrayGetElement
_mlirDenseI32ArrayGet
_mlirDenseI32ArrayGetElement
_mlirDenseI64ArrayGet
_mlirDenseI64ArrayGetElement
_mlirDenseI8ArrayGet
_mlirDenseI8ArrayGetElement
_mlirDenseInt16ResourceElementsAttrGetValue
_mlirDenseInt32ResourceElementsAttrGetValue
_mlirDenseInt64ResourceElementsAttrGetValue
_mlirDenseInt8ResourceElementsAttrGetValue
_mlirDenseIntOrFPElementsAttrGetTypeID
_mlirDenseResourceElementsAttrGetName
_mlirDenseUInt16ResourceElementsAttrGetValue
_mlirDenseUInt32ResourceElementsAttrGetValue
_mlirDenseUInt64ResourceElementsAttrGetValue
_mlirDenseUInt8ResourceElementsAttrGetValue
_mlirDiagnosticGetLocation
_mlirDiagnosticGetNote
_mlirDiagnosticGetNumNotes
_mlirDiagnosticGetSeverity
_mlirDiagnosticPrint
_mlirDialectEqual
_mlirDialectGetContext
_mlirDialectGetNamespace
_mlirDialectHandleGetNamespace
_mlirDialectHandleInsertDialect
_mlirDialectHandleLoadDialect
_mlirDialectHandleRegisterDialect
_mlirDialectRegistryCreate
_mlirDialectRegistryDestroy
_mlirDictionaryAttrGet
_mlirDictionaryAttrGetElement
_mlirDictionaryAttrGetElementByName
_mlirDictionaryAttrGetName
_mlirDictionaryAttrGetNumElements
_mlirDictionaryAttrGetTypeID
_mlirDisctinctAttrCreate
_mlirElementsAttrGetNumElements
_mlirElementsAttrGetValue
_mlirElementsAttrIsValidIndex
_mlirEmitError
_mlirEnableGlobalDebug
_mlirExternalPassSignalFailure
_mlirF16TypeGet
_mlirF16TypeGetName
_mlirF32TypeGet
_mlirF32TypeGetName
_mlirF64TypeGet
_mlirF64TypeGetName
_mlirFlatSymbolRefAttrGet
_mlirFlatSymbolRefAttrGetName
_mlirFlatSymbolRefAttrGetValue
_mlirFloat16TypeGetTypeID
_mlirFloat32TypeGetTypeID
_mlirFloat4E2M1FNTypeGet
_mlirFloat4E2M1FNTypeGetName
_mlirFloat4E2M1FNTypeGetTypeID
_mlirFloat64TypeGetTypeID
_mlirFloat6E2M3FNTypeGet
_mlirFloat6E2M3FNTypeGetName
_mlirFloat6E2M3FNTypeGetTypeID
_mlirFloat6E3M2FNTypeGet
_mlirFloat6E3M2FNTypeGetName
_mlirFloat6E3M2FNTypeGetTypeID
_mlirFloat8E3M4TypeGet
_mlirFloat8E3M4TypeGetName
_mlirFloat8E3M4TypeGetTypeID
_mlirFloat8E4M3B11FNUZTypeGet
_mlirFloat8E4M3B11FNUZTypeGetName
_mlirFloat8E4M3B11FNUZTypeGetTypeID
_mlirFloat8E4M3FNTypeGet
_mlirFloat8E4M3FNTypeGetName
_mlirFloat8E4M3FNTypeGetTypeID
_mlirFloat8E4M3FNUZTypeGet
_mlirFloat8E4M3FNUZTypeGetName
_mlirFloat8E4M3FNUZTypeGetTypeID
_mlirFloat8E4M3TypeGet
_mlirFloat8E4M3TypeGetName
_mlirFloat8E4M3TypeGetTypeID
_mlirFloat8E5M2FNUZTypeGet
_mlirFloat8E5M2FNUZTypeGetName
_mlirFloat8E5M2FNUZTypeGetTypeID
_mlirFloat8E5M2TypeGet
_mlirFloat8E5M2TypeGetName
_mlirFloat8E5M2TypeGetTypeID
_mlirFloat8E8M0FNUTypeGet
_mlirFloat8E8M0FNUTypeGetName
_mlirFloat8E8M0FNUTypeGetTypeID
_mlirFloatAttrDoubleGet
_mlirFloatAttrDoubleGetChecked
_mlirFloatAttrGetName
_mlirFloatAttrGetTypeID
_mlirFloatAttrGetValueDouble
_mlirFloatTF32TypeGetTypeID
_mlirFloatTypeGetWidth
_mlirFreezeRewritePattern
_mlirFrozenRewritePatternSetDestroy
_mlirFunctionTypeGet
_mlirFunctionTypeGetInput
_mlirFunctionTypeGetName
_mlirFunctionTypeGetNumInputs
_mlirFunctionTypeGetNumResults
_mlirFunctionTypeGetResult
_mlirFunctionTypeGetTypeID
_mlirGPUAsyncTokenTypeGet
_mlirGPUAsyncTokenTypeGetName
_mlirGPUObjectAttrGet
_mlirGPUObjectAttrGetFormat
_mlirGPUObjectAttrGetKernels
_mlirGPUObjectAttrGetName
_mlirGPUObjectAttrGetObject
_mlirGPUObjectAttrGetProperties
_mlirGPUObjectAttrGetTarget
_mlirGPUObjectAttrGetWithKernels
_mlirGPUObjectAttrHasKernels
_mlirGPUObjectAttrHasProperties
_mlirGetDialectHandle__transform__
_mlirGreedyRewriteDriverConfigCreate
_mlirGreedyRewriteDriverConfigDestroy
_mlirGreedyRewriteDriverConfigEnableConstantCSE
_mlirGreedyRewriteDriverConfigEnableFolding
_mlirGreedyRewriteDriverConfigGetMaxIterations
_mlirGreedyRewriteDriverConfigGetMaxNumRewrites
_mlirGreedyRewriteDriverConfigGetRegionSimplificationLevel
_mlirGreedyRewriteDriverConfigGetStrictness
_mlirGreedyRewriteDriverConfigGetUseTopDownTraversal
_mlirGreedyRewriteDriverConfigIsConstantCSEEnabled
_mlirGreedyRewriteDriverConfigIsFoldingEnabled
_mlirGreedyRewriteDriverConfigSetMaxIterations
_mlirGreedyRewriteDriverConfigSetMaxNumRewrites
_mlirGreedyRewriteDriverConfigSetRegionSimplificationLevel
_mlirGreedyRewriteDriverConfigSetStrictness
_mlirGreedyRewriteDriverConfigSetUseTopDownTraversal
_mlirIREELinalgTransformRegisterPasses
_mlirIREETransformRegisterPasses
_mlirIRRewriterCreate
_mlirIRRewriterCreateFromOp
_mlirIRRewriterDestroy
_mlirIdentifierEqual
_mlirIdentifierGet
_mlirIdentifierGetContext
_mlirIdentifierStr
_mlirIndexTypeGet
_mlirIndexTypeGetName
_mlirIndexTypeGetTypeID
_mlirInferShapedTypeOpInterfaceInferReturnTypes
_mlirInferShapedTypeOpInterfaceTypeID
_mlirInferTypeOpInterfaceInferReturnTypes
_mlirInferTypeOpInterfaceTypeID
_mlirIntegerAttrGet
_mlirIntegerAttrGetFromWords
_mlirIntegerAttrGetName
_mlirIntegerAttrGetTypeID
_mlirIntegerAttrGetValueBitWidth
_mlirIntegerAttrGetValueInt
_mlirIntegerAttrGetValueNumWords
_mlirIntegerAttrGetValueSInt
_mlirIntegerAttrGetValueUInt
_mlirIntegerAttrGetValueWords
_mlirIntegerSetAttrGet
_mlirIntegerSetAttrGetName
_mlirIntegerSetAttrGetTypeID
_mlirIntegerSetAttrGetValue
_mlirIntegerSetDump
_mlirIntegerSetEmptyGet
_mlirIntegerSetEqual
_mlirIntegerSetGet
_mlirIntegerSetGetConstraint
_mlirIntegerSetGetContext
_mlirIntegerSetGetNumConstraints
_mlirIntegerSetGetNumDims
_mlirIntegerSetGetNumEqualities
_mlirIntegerSetGetNumInequalities
_mlirIntegerSetGetNumInputs
_mlirIntegerSetGetNumSymbols
_mlirIntegerSetIsCanonicalEmpty
_mlirIntegerSetIsConstraintEq
_mlirIntegerSetPrint
_mlirIntegerSetReplaceGet
_mlirIntegerTypeGet
_mlirIntegerTypeGetName
_mlirIntegerTypeGetTypeID
_mlirIntegerTypeGetWidth
_mlirIntegerTypeIsSigned
_mlirIntegerTypeIsSignless
_mlirIntegerTypeIsUnsigned
_mlirIntegerTypeSignedGet
_mlirIntegerTypeUnsignedGet
_mlirIsCurrentDebugType
_mlirIsGlobalDebugEnabled
_mlirLLVMArrayTypeGet
_mlirLLVMArrayTypeGetElementType
_mlirLLVMArrayTypeGetName
_mlirLLVMCConvAttrGet
_mlirLLVMCConvAttrGetName
_mlirLLVMComdatAttrGet
_mlirLLVMComdatAttrGetName
_mlirLLVMDIAnnotationAttrGet
_mlirLLVMDIAnnotationAttrGetName
_mlirLLVMDIBasicTypeAttrGet
_mlirLLVMDIBasicTypeAttrGetName
_mlirLLVMDICompileUnitAttrGet
_mlirLLVMDICompileUnitAttrGetName
_mlirLLVMDICompositeTypeAttrGet
_mlirLLVMDICompositeTypeAttrGetName
_mlirLLVMDICompositeTypeAttrGetRecSelf
_mlirLLVMDIDerivedTypeAttrGet
_mlirLLVMDIDerivedTypeAttrGetBaseType
_mlirLLVMDIDerivedTypeAttrGetName
_mlirLLVMDIExpressionAttrGet
_mlirLLVMDIExpressionAttrGetName
_mlirLLVMDIExpressionElemAttrGet
_mlirLLVMDIExpressionElemAttrGetName
_mlirLLVMDIFileAttrGet
_mlirLLVMDIFileAttrGetName
_mlirLLVMDIFlagsAttrGet
_mlirLLVMDIFlagsAttrGetName
_mlirLLVMDIImportedEntityAttrGet
_mlirLLVMDIImportedEntityAttrGetName
_mlirLLVMDILexicalBlockAttrGet
_mlirLLVMDILexicalBlockAttrGetName
_mlirLLVMDILexicalBlockFileAttrGet
_mlirLLVMDILexicalBlockFileAttrGetName
_mlirLLVMDILocalVariableAttrGet
_mlirLLVMDILocalVariableAttrGetName
_mlirLLVMDIModuleAttrGet
_mlirLLVMDIModuleAttrGetName
_mlirLLVMDIModuleAttrGetScope
_mlirLLVMDINullTypeAttrGet
_mlirLLVMDINullTypeAttrGetName
_mlirLLVMDIStringTypeAttrGet
_mlirLLVMDIStringTypeAttrGetName
_mlirLLVMDISubprogramAttrGet
_mlirLLVMDISubprogramAttrGetCompileUnit
_mlirLLVMDISubprogramAttrGetFile
_mlirLLVMDISubprogramAttrGetLine
_mlirLLVMDISubprogramAttrGetName
_mlirLLVMDISubprogramAttrGetRecSelf
_mlirLLVMDISubprogramAttrGetScope
_mlirLLVMDISubprogramAttrGetScopeLine
_mlirLLVMDISubprogramAttrGetType
_mlirLLVMDISubroutineTypeAttrGet
_mlirLLVMDISubroutineTypeAttrGetName
_mlirLLVMFunctionTypeGet
_mlirLLVMFunctionTypeGetInput
_mlirLLVMFunctionTypeGetName
_mlirLLVMFunctionTypeGetNumInputs
_mlirLLVMFunctionTypeGetReturnType
_mlirLLVMLinkageAttrGet
_mlirLLVMLinkageAttrGetName
_mlirLLVMPointerTypeGet
_mlirLLVMPointerTypeGetAddressSpace
_mlirLLVMPointerTypeGetName
_mlirLLVMPointerTypeGetTypeID
_mlirLLVMStructTypeGetElementType
_mlirLLVMStructTypeGetIdentifier
_mlirLLVMStructTypeGetName
_mlirLLVMStructTypeGetNumElementTypes
_mlirLLVMStructTypeGetTypeID
_mlirLLVMStructTypeIdentifiedGet
_mlirLLVMStructTypeIdentifiedNewGet
_mlirLLVMStructTypeIsLiteral
_mlirLLVMStructTypeIsOpaque
_mlirLLVMStructTypeIsPacked
_mlirLLVMStructTypeLiteralGet
_mlirLLVMStructTypeLiteralGetChecked
_mlirLLVMStructTypeOpaqueGet
_mlirLLVMStructTypeSetBody
_mlirLLVMVoidTypeGet
_mlirLLVMVoidTypeGetName
_mlirLinalgFillBuiltinNamedOpRegion
_mlirLinalgGetIndexingMapsAttribute
_mlirLinalgInferContractionDimensions
_mlirLinalgInferContractionDimensionsFromMaps
_mlirLinalgInferConvolutionDimensions
_mlirLinalgIsAContractionOp
_mlirLinalgIsAConvolutionOp
_mlirLlvmRawFdOStreamCreate
_mlirLlvmRawFdOStreamDestroy
_mlirLlvmRawFdOStreamIsNull
_mlirLlvmRawFdOStreamWrite
_mlirLlvmThreadPoolCreate
_mlirLlvmThreadPoolDestroy
_mlirLlvmThreadPoolGetMaxConcurrency
_mlirLocationCallSiteGet
_mlirLocationCallSiteGetCallee
_mlirLocationCallSiteGetCaller
_mlirLocationCallSiteGetTypeID
_mlirLocationEqual
_mlirLocationFileLineColGet
_mlirLocationFileLineColRangeGet
_mlirLocationFileLineColRangeGetEndColumn
_mlirLocationFileLineColRangeGetEndLine
_mlirLocationFileLineColRangeGetFilename
_mlirLocationFileLineColRangeGetStartColumn
_mlirLocationFileLineColRangeGetStartLine
_mlirLocationFileLineColRangeGetTypeID
_mlirLocationFromAttribute
_mlirLocationFusedGet
_mlirLocationFusedGetLocations
_mlirLocationFusedGetMetadata
_mlirLocationFusedGetNumLocations
_mlirLocationFusedGetTypeID
_mlirLocationGetAttribute
_mlirLocationGetContext
_mlirLocationIsACallSite
_mlirLocationIsAFileLineColRange
_mlirLocationIsAFused
_mlirLocationIsAName
_mlirLocationNameGet
_mlirLocationNameGetChildLoc
_mlirLocationNameGetName
_mlirLocationNameGetTypeID
_mlirLocationPrint
_mlirLocationUnknownGet
_mlirMemRefTypeContiguousGet
_mlirMemRefTypeContiguousGetChecked
_mlirMemRefTypeGet
_mlirMemRefTypeGetAffineMap
_mlirMemRefTypeGetChecked
_mlirMemRefTypeGetLayout
_mlirMemRefTypeGetMemorySpace
_mlirMemRefTypeGetName
_mlirMemRefTypeGetStridesAndOffset
_mlirMemRefTypeGetTypeID
_mlirMemoryEffectsOpInterfaceAttachFallbackModel
_mlirMemoryEffectsOpInterfaceTypeID
_mlirMergeSymbolsIntoFromClone
_mlirModuleCreateEmpty
_mlirModuleCreateParse
_mlirModuleCreateParseFromFile
_mlirModuleDestroy
_mlirModuleEqual
_mlirModuleFromOperation
_mlirModuleGetBody
_mlirModuleGetContext
_mlirModuleGetOperation
_mlirModuleHashValue
_mlirNamedAttributeGet
_mlirNoneTypeGet
_mlirNoneTypeGetName
_mlirNoneTypeGetTypeID
_mlirOpConversionPatternCreate
_mlirOpOperandGetNextUse
_mlirOpOperandGetOperandNumber
_mlirOpOperandGetOwner
_mlirOpOperandGetValue
_mlirOpOperandIsNull
_mlirOpPassManagerAddOwnedPass
_mlirOpPassManagerAddPipeline
_mlirOpPassManagerGetNestedUnder
_mlirOpPrintingFlagsAssumeVerified
_mlirOpPrintingFlagsCreate
_mlirOpPrintingFlagsDestroy
_mlirOpPrintingFlagsElideLargeElementsAttrs
_mlirOpPrintingFlagsElideLargeResourceString
_mlirOpPrintingFlagsEnableDebugInfo
_mlirOpPrintingFlagsPrintGenericOpForm
_mlirOpPrintingFlagsPrintNameLocAsPrefix
_mlirOpPrintingFlagsSkipRegions
_mlirOpPrintingFlagsUseLocalScope
_mlirOpResultGetOwner
_mlirOpResultGetResultNumber
_mlirOpRewritePatternCreate
_mlirOpaqueAttrGet
_mlirOpaqueAttrGetData
_mlirOpaqueAttrGetDialectNamespace
_mlirOpaqueAttrGetName
_mlirOpaqueAttrGetTypeID
_mlirOpaqueTypeGet
_mlirOpaqueTypeGetData
_mlirOpaqueTypeGetDialectNamespace
_mlirOpaqueTypeGetName
_mlirOpaqueTypeGetTypeID
_mlirOperationClone
_mlirOperationCreate
_mlirOperationCreateParse
_mlirOperationDestroy
_mlirOperationDump
_mlirOperationEqual
_mlirOperationGetAttribute
_mlirOperationGetAttributeByName
_mlirOperationGetBlock
_mlirOperationGetContext
_mlirOperationGetDiscardableAttribute
_mlirOperationGetDiscardableAttributeByName
_mlirOperationGetFirstRegion
_mlirOperationGetInherentAttributeByName
_mlirOperationGetLocation
_mlirOperationGetName
_mlirOperationGetNextInBlock
_mlirOperationGetNumAttributes
_mlirOperationGetNumDiscardableAttributes
_mlirOperationGetNumOperands
_mlirOperationGetNumRegions
_mlirOperationGetNumResults
_mlirOperationGetNumSuccessors
_mlirOperationGetOpOperand
_mlirOperationGetOperand
_mlirOperationGetParentOperation
_mlirOperationGetRegion
_mlirOperationGetResult
_mlirOperationGetSuccessor
_mlirOperationGetTypeID
_mlirOperationHasInherentAttributeByName
_mlirOperationHashValue
_mlirOperationImplementsInterface
_mlirOperationImplementsInterfaceStatic
_mlirOperationIsBeforeInBlock
_mlirOperationMoveAfter
_mlirOperationMoveBefore
_mlirOperationPrint
_mlirOperationPrintWithFlags
_mlirOperationPrintWithState
_mlirOperationRemoveAttributeByName
_mlirOperationRemoveDiscardableAttributeByName
_mlirOperationRemoveFromParent
_mlirOperationReplaceUsesOfWith
_mlirOperationSetAttributeByName
_mlirOperationSetDiscardableAttributeByName
_mlirOperationSetInherentAttributeByName
_mlirOperationSetLocation
_mlirOperationSetOperand
_mlirOperationSetOperands
_mlirOperationSetSuccessor
_mlirOperationStateAddAttributes
_mlirOperationStateAddOperands
_mlirOperationStateAddOwnedRegions
_mlirOperationStateAddResults
_mlirOperationStateAddSuccessors
_mlirOperationStateEnableResultTypeInference
_mlirOperationStateGet
_mlirOperationVerify
_mlirOperationWalk
_mlirOperationWriteBytecode
_mlirOperationWriteBytecodeWithConfig
_mlirPDLAttributeTypeGet
_mlirPDLAttributeTypeGetName
_mlirPDLAttributeTypeGetTypeID
_mlirPDLOperationTypeGet
_mlirPDLOperationTypeGetName
_mlirPDLOperationTypeGetTypeID
_mlirPDLPatternModuleDestroy
_mlirPDLPatternModuleFromModule
_mlirPDLPatternModuleRegisterConstraintFunction
_mlirPDLPatternModuleRegisterRewriteFunction
_mlirPDLRangeTypeGet
_mlirPDLRangeTypeGetElementType
_mlirPDLRangeTypeGetName
_mlirPDLRangeTypeGetTypeID
_mlirPDLResultListPushBackAttribute
_mlirPDLResultListPushBackOperation
_mlirPDLResultListPushBackType
_mlirPDLResultListPushBackValue
_mlirPDLTypeTypeGet
_mlirPDLTypeTypeGetName
_mlirPDLTypeTypeGetTypeID
_mlirPDLValueAsAttribute
_mlirPDLValueAsOperation
_mlirPDLValueAsType
_mlirPDLValueAsValue
_mlirPDLValueTypeGet
_mlirPDLValueTypeGetName
_mlirPDLValueTypeGetTypeID
_mlirParsePassPipeline
_mlirPassManagerAddOwnedPass
_mlirPassManagerCreate
_mlirPassManagerCreateOnOperation
_mlirPassManagerDestroy
_mlirPassManagerEnableIRPrinting
_mlirPassManagerEnableStatistics
_mlirPassManagerEnableTiming
_mlirPassManagerEnableVerifier
_mlirPassManagerGetAsOpPassManager
_mlirPassManagerGetNestedUnder
_mlirPassManagerRunOnOp
_mlirPatternRewriterAsBase
_mlirPrintPassPipeline
_mlirRankedTensorTypeGet
_mlirRankedTensorTypeGetChecked
_mlirRankedTensorTypeGetEncoding
_mlirRankedTensorTypeGetName
_mlirRankedTensorTypeGetTypeID
_mlirRegionAppendOwnedBlock
_mlirRegionCreate
_mlirRegionDestroy
_mlirRegionEqual
_mlirRegionGetFirstBlock
_mlirRegionGetNextInOperation
_mlirRegionInsertOwnedBlock
_mlirRegionInsertOwnedBlockAfter
_mlirRegionInsertOwnedBlockBefore
_mlirRegionTakeBody
_mlirRegisterGPUPasses
_mlirRegisterLinalgPasses
_mlirRewritePatternSetAdd
_mlirRewritePatternSetCreate
_mlirRewritePatternSetDestroy
_mlirRewritePatternSetFromPDLPatternModule
_mlirRewriterBaseCancelOpModification
_mlirRewriterBaseClearInsertionPoint
_mlirRewriterBaseClone
_mlirRewriterBaseCloneRegionBefore
_mlirRewriterBaseCloneWithoutRegions
_mlirRewriterBaseCreateBlockBefore
_mlirRewriterBaseEraseBlock
_mlirRewriterBaseEraseOp
_mlirRewriterBaseFinalizeOpModification
_mlirRewriterBaseGetBlock
_mlirRewriterBaseGetContext
_mlirRewriterBaseGetInsertionBlock
_mlirRewriterBaseGetOperationAfterInsertion
_mlirRewriterBaseInlineBlockBefore
_mlirRewriterBaseInlineRegionBefore
_mlirRewriterBaseInsert
_mlirRewriterBaseMergeBlocks
_mlirRewriterBaseMoveBlockBefore
_mlirRewriterBaseMoveOpAfter
_mlirRewriterBaseMoveOpBefore
_mlirRewriterBaseReplaceAllOpUsesWithOperation
_mlirRewriterBaseReplaceAllOpUsesWithValueRange
_mlirRewriterBaseReplaceAllUsesExcept
_mlirRewriterBaseReplaceAllUsesWith
_mlirRewriterBaseReplaceAllValueRangeUsesWith
_mlirRewriterBaseReplaceOpUsesWithinBlock
_mlirRewriterBaseReplaceOpWithOperation
_mlirRewriterBaseReplaceOpWithValues
_mlirRewriterBaseSetInsertionPointAfter
_mlirRewriterBaseSetInsertionPointAfterValue
_mlirRewriterBaseSetInsertionPointBefore
_mlirRewriterBaseSetInsertionPointToEnd
_mlirRewriterBaseSetInsertionPointToStart
_mlirRewriterBaseStartOpModification
_mlirSetGlobalDebugType
_mlirSetGlobalDebugTypes
_mlirShapedTypeGetDimSize
_mlirShapedTypeGetDynamicSize
_mlirShapedTypeGetDynamicStrideOrOffset
_mlirShapedTypeGetElementType
_mlirShapedTypeGetRank
_mlirShapedTypeHasRank
_mlirShapedTypeHasStaticShape
_mlirShapedTypeIsDynamicDim
_mlirShapedTypeIsDynamicSize
_mlirShapedTypeIsDynamicStrideOrOffset
_mlirShapedTypeIsStaticDim
_mlirShapedTypeIsStaticSize
_mlirShapedTypeIsStaticStrideOrOffset
_mlirSimplifyAffineExpr
_mlirSparseElementsAttrGetIndices
_mlirSparseElementsAttrGetTypeID
_mlirSparseElementsAttrGetValues
_mlirSparseElementsAttribute
_mlirStridedLayoutAttrGet
_mlirStridedLayoutAttrGetName
_mlirStridedLayoutAttrGetNumStrides
_mlirStridedLayoutAttrGetOffset
_mlirStridedLayoutAttrGetStride
_mlirStridedLayoutAttrGetTypeID
_mlirStringAttrGet
_mlirStringAttrGetName
_mlirStringAttrGetTypeID
_mlirStringAttrGetValue
_mlirStringAttrTypedGet
_mlirStringRefCreateFromCString
_mlirStringRefEqual
_mlirSymbolRefAttrGet
_mlirSymbolRefAttrGetLeafReference
_mlirSymbolRefAttrGetName
_mlirSymbolRefAttrGetNestedReference
_mlirSymbolRefAttrGetNumNestedReferences
_mlirSymbolRefAttrGetRootReference
_mlirSymbolRefAttrGetTypeID
_mlirSymbolTableCreate
_mlirSymbolTableDestroy
_mlirSymbolTableErase
_mlirSymbolTableGetSymbolAttributeName
_mlirSymbolTableGetVisibilityAttributeName
_mlirSymbolTableInsert
_mlirSymbolTableLookup
_mlirSymbolTableReplaceAllSymbolUses
_mlirSymbolTableWalkSymbolTables
_mlirTF32TypeGet
_mlirTF32TypeGetName
_mlirTransformAnyOpTypeGet
_mlirTransformAnyOpTypeGetName
_mlirTransformAnyOpTypeGetTypeID
_mlirTransformAnyParamTypeGet
_mlirTransformAnyParamTypeGetName
_mlirTransformAnyParamTypeGetTypeID
_mlirTransformAnyValueTypeGet
_mlirTransformAnyValueTypeGetName
_mlirTransformAnyValueTypeGetTypeID
_mlirTransformApplyNamedSequence
_mlirTransformConsumesHandle
_mlirTransformModifiesPayload
_mlirTransformOnlyReadsHandle
_mlirTransformOnlyReadsPayload
_mlirTransformOpInterfaceAttachFallbackModel
_mlirTransformOpInterfaceTypeID
_mlirTransformOperationTypeGet
_mlirTransformOperationTypeGetName
_mlirTransformOperationTypeGetOperationName
_mlirTransformOperationTypeGetTypeID
_mlirTransformOptionsCreate
_mlirTransformOptionsDestroy
_mlirTransformOptionsEnableExpensiveChecks
_mlirTransformOptionsEnforceSingleTopLevelTransformOp
_mlirTransformOptionsGetEnforceSingleTopLevelTransformOp
_mlirTransformOptionsGetExpensiveChecksEnabled
_mlirTransformParamTypeGet
_mlirTransformParamTypeGetName
_mlirTransformParamTypeGetType
_mlirTransformParamTypeGetTypeID
_mlirTransformProducesHandle
_mlirTransformResultsSetOps
_mlirTransformResultsSetParams
_mlirTransformResultsSetValues
_mlirTransformRewriterAsBase
_mlirTransformStateForEachParam
_mlirTransformStateForEachPayloadOp
_mlirTransformStateForEachPayloadValue
_mlirTupleTypeGet
_mlirTupleTypeGetName
_mlirTupleTypeGetNumTypes
_mlirTupleTypeGetType
_mlirTupleTypeGetTypeID
_mlirTypeAttrGet
_mlirTypeAttrGetName
_mlirTypeAttrGetTypeID
_mlirTypeAttrGetValue
_mlirTypeConverterAddConversion
_mlirTypeConverterCreate
_mlirTypeConverterDestroy
_mlirTypeDump
_mlirTypeEqual
_mlirTypeGetContext
_mlirTypeGetDialect
_mlirTypeGetTypeID
_mlirTypeIDAllocatorAllocateTypeID
_mlirTypeIDAllocatorCreate
_mlirTypeIDAllocatorDestroy
_mlirTypeIDCreate
_mlirTypeIDEqual
_mlirTypeIDHashValue
_mlirTypeIsABF16
_mlirTypeIsAComplex
_mlirTypeIsAF16
_mlirTypeIsAF32
_mlirTypeIsAF64
_mlirTypeIsAFloat
_mlirTypeIsAFloat4E2M1FN
_mlirTypeIsAFloat6E2M3FN
_mlirTypeIsAFloat6E3M2FN
_mlirTypeIsAFloat8E3M4
_mlirTypeIsAFloat8E4M3
_mlirTypeIsAFloat8E4M3B11FNUZ
_mlirTypeIsAFloat8E4M3FN
_mlirTypeIsAFloat8E4M3FNUZ
_mlirTypeIsAFloat8E5M2
_mlirTypeIsAFloat8E5M2FNUZ
_mlirTypeIsAFloat8E8M0FNU
_mlirTypeIsAFunction
_mlirTypeIsAGPUAsyncTokenType
_mlirTypeIsAIndex
_mlirTypeIsAInteger
_mlirTypeIsALLVMPointerType
_mlirTypeIsALLVMStructType
_mlirTypeIsAMemRef
_mlirTypeIsANone
_mlirTypeIsAOpaque
_mlirTypeIsAPDLAttributeType
_mlirTypeIsAPDLOperationType
_mlirTypeIsAPDLRangeType
_mlirTypeIsAPDLType
_mlirTypeIsAPDLTypeType
_mlirTypeIsAPDLValueType
_mlirTypeIsARankedTensor
_mlirTypeIsAShaped
_mlirTypeIsATF32
_mlirTypeIsATensor
_mlirTypeIsATransformAnyOpType
_mlirTypeIsATransformAnyParamType
_mlirTypeIsATransformAnyValueType
_mlirTypeIsATransformOperationType
_mlirTypeIsATransformParamType
_mlirTypeIsATuple
_mlirTypeIsAUnrankedMemRef
_mlirTypeIsAUnrankedTensor
_mlirTypeIsAVector
_mlirTypeParseGet
_mlirTypePrint
_mlirUnitAttrGet
_mlirUnitAttrGetName
_mlirUnitAttrGetTypeID
_mlirUnmanagedDenseBoolResourceElementsAttrGet
_mlirUnmanagedDenseDoubleResourceElementsAttrGet
_mlirUnmanagedDenseFloatResourceElementsAttrGet
_mlirUnmanagedDenseInt16ResourceElementsAttrGet
_mlirUnmanagedDenseInt32ResourceElementsAttrGet
_mlirUnmanagedDenseInt64ResourceElementsAttrGet
_mlirUnmanagedDenseInt8ResourceElementsAttrGet
_mlirUnmanagedDenseResourceElementsAttrGet
_mlirUnmanagedDenseUInt16ResourceElementsAttrGet
_mlirUnmanagedDenseUInt32ResourceElementsAttrGet
_mlirUnmanagedDenseUInt64ResourceElementsAttrGet
_mlirUnmanagedDenseUInt8ResourceElementsAttrGet
_mlirUnrankedMemRefTypeGet
_mlirUnrankedMemRefTypeGetChecked
_mlirUnrankedMemRefTypeGetName
_mlirUnrankedMemRefTypeGetTypeID
_mlirUnrankedMemrefGetMemorySpace
_mlirUnrankedTensorTypeGet
_mlirUnrankedTensorTypeGetChecked
_mlirUnrankedTensorTypeGetName
_mlirUnrankedTensorTypeGetTypeID
_mlirValueDump
_mlirValueEqual
_mlirValueGetContext
_mlirValueGetFirstUse
_mlirValueGetLocation
_mlirValueGetType
_mlirValueIsABlockArgument
_mlirValueIsAOpResult
_mlirValuePrint
_mlirValuePrintAsOperand
_mlirValueReplaceAllUsesExcept
_mlirValueReplaceAllUsesOfWith
_mlirValueSetType
_mlirVectorTypeGet
_mlirVectorTypeGetChecked
_mlirVectorTypeGetName
_mlirVectorTypeGetScalable
_mlirVectorTypeGetScalableChecked
_mlirVectorTypeGetTypeID
_mlirVectorTypeIsDimScalable
_mlirVectorTypeIsScalable
_mlirWalkAndApplyPatterns
